<?xml version="1.0" encoding="UTF-8"?>
<testng-results ignored="0" total="1" passed="1" failed="0" skipped="0">
  <reporter-output>
  </reporter-output>
  <suite started-at="2023-03-31T01:36:30 ICT" name="Default suite" finished-at="2023-03-31T01:36:36 ICT" duration-ms="5808">
    <groups>
    </groups>
    <test started-at="2023-03-31T01:36:30 ICT" name="Default test" finished-at="2023-03-31T01:36:36 ICT" duration-ms="5808">
      <class name="lab_5.Lab_5">
        <test-method is-config="true" signature="startBrowser()[pri:0, instance:lab_5.Lab_5@1ffaf86]" started-at="2023-03-31T01:36:30 ICT" name="startBrowser" finished-at="2023-03-31T01:36:33 ICT" duration-ms="2646" status="PASS">
          <reporter-output>
          </reporter-output>
        </test-method> <!-- startBrowser -->
        <test-method signature="TC001()[pri:0, instance:lab_5.Lab_5@1ffaf86]" started-at="2023-03-31T01:36:33 ICT" name="TC001" finished-at="2023-03-31T01:36:35 ICT" duration-ms="2004" status="PASS">
          <reporter-output>
          </reporter-output>
        </test-method> <!-- TC001 -->
        <test-method is-config="true" signature="closeBrowser()[pri:0, instance:lab_5.Lab_5@1ffaf86]" started-at="2023-03-31T01:36:35 ICT" name="closeBrowser" finished-at="2023-03-31T01:36:36 ICT" duration-ms="1135" status="PASS">
          <reporter-output>
          </reporter-output>
        </test-method> <!-- closeBrowser -->
      </class> <!-- lab_5.Lab_5 -->
    </test> <!-- Default test -->
  </suite> <!-- Default suite -->
</testng-results>
